2020-05-13 18:59:35.911 [restartedMain] INFO  c.s.s.SpringbootloggerApplication - Starting SpringbootloggerApplication on DESKTOP-RK44MTQ with PID 99988 (D:\IDEA\Project\myProjects\study\springbootlogger\target\classes started by simon in D:\IDEA\Project\myProjects\study)
2020-05-13 18:59:35.915 [restartedMain] INFO  c.s.s.SpringbootloggerApplication - No active profile set, falling back to default profiles: default
2020-05-13 18:59:36.072 [restartedMain] INFO  o.s.b.d.e.DevToolsPropertyDefaultsPostProcessor - Devtools property defaults active! Set 'spring.devtools.add-properties' to 'false' to disable
2020-05-13 18:59:36.074 [restartedMain] INFO  o.s.b.d.e.DevToolsPropertyDefaultsPostProcessor - For additional web related logging consider setting the 'logging.level.web' property to 'DEBUG'
2020-05-13 18:59:36.809 [restartedMain] INFO  o.s.b.w.e.tomcat.TomcatWebServer - Tomcat initialized with port(s): 8085 (http)
2020-05-13 18:59:36.817 [restartedMain] INFO  o.a.coyote.http11.Http11NioProtocol - Initializing ProtocolHandler ["http-nio-8085"]
2020-05-13 18:59:36.818 [restartedMain] INFO  o.a.catalina.core.StandardService - Starting service [Tomcat]
2020-05-13 18:59:36.818 [restartedMain] INFO  o.a.catalina.core.StandardEngine - Starting Servlet engine: [Apache Tomcat/9.0.33]
2020-05-13 18:59:36.892 [restartedMain] INFO  o.a.c.c.C.[Tomcat].[localhost].[/] - Initializing Spring embedded WebApplicationContext
2020-05-13 18:59:36.892 [restartedMain] INFO  o.s.web.context.ContextLoader - Root WebApplicationContext: initialization completed in 817 ms
2020-05-13 18:59:37.039 [restartedMain] INFO  o.s.s.c.ThreadPoolTaskExecutor - Initializing ExecutorService 'applicationTaskExecutor'
2020-05-13 18:59:37.148 [restartedMain] WARN  o.s.b.a.t.ThymeleafAutoConfiguration$DefaultTemplateResolverConfiguration - Cannot find template location: classpath:/templates/ (please add some templates or check your Thymeleaf configuration)
2020-05-13 18:59:37.149 [restartedMain] WARN  o.t.templatemode.TemplateMode - [THYMELEAF][restartedMain] Template Mode 'HTML5' is deprecated. Using Template Mode 'HTML' instead.
2020-05-13 18:59:37.188 [restartedMain] INFO  o.s.b.d.a.OptionalLiveReloadServer - LiveReload server is running on port 35729
2020-05-13 18:59:37.201 [restartedMain] INFO  o.a.coyote.http11.Http11NioProtocol - Starting ProtocolHandler ["http-nio-8085"]
2020-05-13 18:59:37.221 [restartedMain] INFO  o.s.b.w.e.tomcat.TomcatWebServer - Tomcat started on port(s): 8085 (http) with context path ''
2020-05-13 18:59:37.224 [restartedMain] INFO  c.s.s.SpringbootloggerApplication - Started SpringbootloggerApplication in 2.013 seconds (JVM running for 2.679)
2020-05-13 18:59:49.377 [http-nio-8085-exec-2] INFO  o.a.c.c.C.[Tomcat].[localhost].[/] - Initializing Spring DispatcherServlet 'dispatcherServlet'
2020-05-13 18:59:49.377 [http-nio-8085-exec-2] INFO  o.s.web.servlet.DispatcherServlet - Initializing Servlet 'dispatcherServlet'
2020-05-13 18:59:49.382 [http-nio-8085-exec-2] INFO  o.s.web.servlet.DispatcherServlet - Completed initialization in 5 ms
2020-05-13 18:59:54.781 [http-nio-8085-exec-3] INFO  c.s.s.controller.TestController - info---------
2020-05-13 18:59:54.781 [http-nio-8085-exec-3] INFO  c.s.s.controller.TestController - info---------
2020-05-13 18:59:54.781 [http-nio-8085-exec-3] ERROR c.s.s.controller.TestController - erro---------
2020-05-13 18:59:54.781 [http-nio-8085-exec-3] ERROR c.s.s.controller.TestController - erro---------
2020-05-13 18:59:54.782 [http-nio-8085-exec-3] WARN  c.s.s.controller.TestController - warn------
2020-05-13 18:59:54.782 [http-nio-8085-exec-3] WARN  c.s.s.controller.TestController - warn------
2020-05-13 18:59:54.782 [http-nio-8085-exec-3] DEBUG c.s.s.controller.TestController - debug------
2020-05-13 18:59:54.782 [http-nio-8085-exec-3] DEBUG c.s.s.controller.TestController - debug------
